Analysis & Synthesis report for lab3
Tue Oct 17 17:37:15 2023
Quartus Prime Version 18.1.0 Build 625 09/12/2018 SJ Lite Edition


---------------------
; Table of Contents ;
---------------------
  1. Legal Notice
  2. Analysis & Synthesis Summary
  3. Analysis & Synthesis Settings
  4. Parallel Compilation
  5. Analysis & Synthesis Source Files Read
  6. Analysis & Synthesis Resource Usage Summary
  7. Analysis & Synthesis Resource Utilization by Entity
  8. State Machine - |lab3_top|lab3:theLab|SCURR
  9. Registers Removed During Synthesis
 10. General Register Statistics
 11. Multiplexer Restructuring Statistics (Restructuring Performed)
 12. Parameter Settings for User Entity Instance: var_clk:clockGenerator|pclock:counter_10MHz
 13. Parameter Settings for User Entity Instance: var_clk:clockGenerator|pclock:counter_1MHz
 14. Parameter Settings for User Entity Instance: var_clk:clockGenerator|pclock:counter_100kHz
 15. Parameter Settings for User Entity Instance: var_clk:clockGenerator|pclock:counter_10kHz
 16. Parameter Settings for User Entity Instance: var_clk:clockGenerator|pclock:counter_1kHz
 17. Parameter Settings for User Entity Instance: var_clk:clockGenerator|pclock:counter_100Hz
 18. Parameter Settings for User Entity Instance: var_clk:clockGenerator|pclock:counter_10Hz
 19. Parameter Settings for User Entity Instance: var_clk:clockGenerator|pclock:counter_1Hz
 20. Port Connectivity Checks: "var_clk:clockGenerator|pclock:counter_1Hz"
 21. Port Connectivity Checks: "var_clk:clockGenerator|pclock:counter_10MHz"
 22. Port Connectivity Checks: "lab3:theLab"
 23. Post-Synthesis Netlist Statistics for Top Partition
 24. Elapsed Time Per Partition
 25. Analysis & Synthesis Messages



----------------
; Legal Notice ;
----------------
Copyright (C) 2018  Intel Corporation. All rights reserved.
Your use of Intel Corporation's design tools, logic functions 
and other software and tools, and its AMPP partner logic 
functions, and any output files from any of the foregoing 
(including device programming or simulation files), and any 
associated documentation or information are expressly subject 
to the terms and conditions of the Intel Program License 
Subscription Agreement, the Intel Quartus Prime License Agreement,
the Intel FPGA IP License Agreement, or other applicable license
agreement, including, without limitation, that your use is for
the sole purpose of programming logic devices manufactured by
Intel and sold by Intel or its authorized distributors.  Please
refer to the applicable agreement for further details.



+-------------------------------------------------------------------------------+
; Analysis & Synthesis Summary                                                  ;
+---------------------------------+---------------------------------------------+
; Analysis & Synthesis Status     ; Successful - Tue Oct 17 17:37:15 2023       ;
; Quartus Prime Version           ; 18.1.0 Build 625 09/12/2018 SJ Lite Edition ;
; Revision Name                   ; lab3                                        ;
; Top-level Entity Name           ; lab3_top                                    ;
; Family                          ; Cyclone V                                   ;
; Logic utilization (in ALMs)     ; N/A                                         ;
; Total registers                 ; 69                                          ;
; Total pins                      ; 68                                          ;
; Total virtual pins              ; 0                                           ;
; Total block memory bits         ; 0                                           ;
; Total DSP Blocks                ; 0                                           ;
; Total HSSI RX PCSs              ; 0                                           ;
; Total HSSI PMA RX Deserializers ; 0                                           ;
; Total HSSI TX PCSs              ; 0                                           ;
; Total HSSI PMA TX Serializers   ; 0                                           ;
; Total PLLs                      ; 0                                           ;
; Total DLLs                      ; 0                                           ;
+---------------------------------+---------------------------------------------+


+---------------------------------------------------------------------------------------------------------------------------+
; Analysis & Synthesis Settings                                                                                             ;
+---------------------------------------------------------------------------------+--------------------+--------------------+
; Option                                                                          ; Setting            ; Default Value      ;
+---------------------------------------------------------------------------------+--------------------+--------------------+
; Device                                                                          ; 5CEBA4F23C7        ;                    ;
; Top-level entity name                                                           ; lab3_top           ; lab3               ;
; Family name                                                                     ; Cyclone V          ; Cyclone V          ;
; Use smart compilation                                                           ; Off                ; Off                ;
; Enable parallel Assembler and Timing Analyzer during compilation                ; On                 ; On                 ;
; Enable compact report table                                                     ; Off                ; Off                ;
; Restructure Multiplexers                                                        ; Auto               ; Auto               ;
; MLAB Add Timing Constraints For Mixed-Port Feed-Through Mode Setting Don't Care ; Off                ; Off                ;
; Create Debugging Nodes for IP Cores                                             ; Off                ; Off                ;
; Preserve fewer node names                                                       ; On                 ; On                 ;
; Intel FPGA IP Evaluation Mode                                                   ; Enable             ; Enable             ;
; Verilog Version                                                                 ; Verilog_2001       ; Verilog_2001       ;
; VHDL Version                                                                    ; VHDL_1993          ; VHDL_1993          ;
; State Machine Processing                                                        ; Auto               ; Auto               ;
; Safe State Machine                                                              ; Off                ; Off                ;
; Extract Verilog State Machines                                                  ; On                 ; On                 ;
; Extract VHDL State Machines                                                     ; On                 ; On                 ;
; Ignore Verilog initial constructs                                               ; Off                ; Off                ;
; Iteration limit for constant Verilog loops                                      ; 5000               ; 5000               ;
; Iteration limit for non-constant Verilog loops                                  ; 250                ; 250                ;
; Add Pass-Through Logic to Inferred RAMs                                         ; On                 ; On                 ;
; Infer RAMs from Raw Logic                                                       ; On                 ; On                 ;
; Parallel Synthesis                                                              ; On                 ; On                 ;
; DSP Block Balancing                                                             ; Auto               ; Auto               ;
; NOT Gate Push-Back                                                              ; On                 ; On                 ;
; Power-Up Don't Care                                                             ; On                 ; On                 ;
; Remove Redundant Logic Cells                                                    ; Off                ; Off                ;
; Remove Duplicate Registers                                                      ; On                 ; On                 ;
; Ignore CARRY Buffers                                                            ; Off                ; Off                ;
; Ignore CASCADE Buffers                                                          ; Off                ; Off                ;
; Ignore GLOBAL Buffers                                                           ; Off                ; Off                ;
; Ignore ROW GLOBAL Buffers                                                       ; Off                ; Off                ;
; Ignore LCELL Buffers                                                            ; Off                ; Off                ;
; Ignore SOFT Buffers                                                             ; On                 ; On                 ;
; Limit AHDL Integers to 32 Bits                                                  ; Off                ; Off                ;
; Optimization Technique                                                          ; Balanced           ; Balanced           ;
; Carry Chain Length                                                              ; 70                 ; 70                 ;
; Auto Carry Chains                                                               ; On                 ; On                 ;
; Auto Open-Drain Pins                                                            ; On                 ; On                 ;
; Perform WYSIWYG Primitive Resynthesis                                           ; Off                ; Off                ;
; Auto ROM Replacement                                                            ; On                 ; On                 ;
; Auto RAM Replacement                                                            ; On                 ; On                 ;
; Auto DSP Block Replacement                                                      ; On                 ; On                 ;
; Auto Shift Register Replacement                                                 ; Auto               ; Auto               ;
; Allow Shift Register Merging across Hierarchies                                 ; Auto               ; Auto               ;
; Auto Clock Enable Replacement                                                   ; On                 ; On                 ;
; Strict RAM Replacement                                                          ; Off                ; Off                ;
; Allow Synchronous Control Signals                                               ; On                 ; On                 ;
; Force Use of Synchronous Clear Signals                                          ; Off                ; Off                ;
; Auto Resource Sharing                                                           ; Off                ; Off                ;
; Allow Any RAM Size For Recognition                                              ; Off                ; Off                ;
; Allow Any ROM Size For Recognition                                              ; Off                ; Off                ;
; Allow Any Shift Register Size For Recognition                                   ; Off                ; Off                ;
; Use LogicLock Constraints during Resource Balancing                             ; On                 ; On                 ;
; Ignore translate_off and synthesis_off directives                               ; Off                ; Off                ;
; Timing-Driven Synthesis                                                         ; On                 ; On                 ;
; Report Parameter Settings                                                       ; On                 ; On                 ;
; Report Source Assignments                                                       ; On                 ; On                 ;
; Report Connectivity Checks                                                      ; On                 ; On                 ;
; Ignore Maximum Fan-Out Assignments                                              ; Off                ; Off                ;
; Synchronization Register Chain Length                                           ; 3                  ; 3                  ;
; Power Optimization During Synthesis                                             ; Normal compilation ; Normal compilation ;
; HDL message level                                                               ; Level2             ; Level2             ;
; Suppress Register Optimization Related Messages                                 ; Off                ; Off                ;
; Number of Removed Registers Reported in Synthesis Report                        ; 5000               ; 5000               ;
; Number of Swept Nodes Reported in Synthesis Report                              ; 5000               ; 5000               ;
; Number of Inverted Registers Reported in Synthesis Report                       ; 100                ; 100                ;
; Clock MUX Protection                                                            ; On                 ; On                 ;
; Auto Gated Clock Conversion                                                     ; Off                ; Off                ;
; Block Design Naming                                                             ; Auto               ; Auto               ;
; SDC constraint protection                                                       ; Off                ; Off                ;
; Synthesis Effort                                                                ; Auto               ; Auto               ;
; Shift Register Replacement - Allow Asynchronous Clear Signal                    ; On                 ; On                 ;
; Pre-Mapping Resynthesis Optimization                                            ; Off                ; Off                ;
; Analysis & Synthesis Message Level                                              ; Medium             ; Medium             ;
; Disable Register Merging Across Hierarchies                                     ; Auto               ; Auto               ;
; Resource Aware Inference For Block RAM                                          ; On                 ; On                 ;
; Automatic Parallel Synthesis                                                    ; On                 ; On                 ;
; Partial Reconfiguration Bitstream ID                                            ; Off                ; Off                ;
+---------------------------------------------------------------------------------+--------------------+--------------------+


+------------------------------------------+
; Parallel Compilation                     ;
+----------------------------+-------------+
; Processors                 ; Number      ;
+----------------------------+-------------+
; Number detected on machine ; 20          ;
; Maximum allowed            ; 12          ;
;                            ;             ;
; Average used               ; 1.00        ;
; Maximum used               ; 12          ;
;                            ;             ;
; Usage by Processor         ; % Time Used ;
;     Processor 1            ; 100.0%      ;
;     Processors 2-12        ;   0.0%      ;
+----------------------------+-------------+


+-------------------------------------------------------------------------------------------------------------------------------------------------+
; Analysis & Synthesis Source Files Read                                                                                                          ;
+----------------------------------+-----------------+------------------------+---------------------------------------------------------+---------+
; File Name with User-Entered Path ; Used in Netlist ; File Type              ; File Name with Absolute Path                            ; Library ;
+----------------------------------+-----------------+------------------------+---------------------------------------------------------+---------+
; lab3_top.v                       ; yes             ; User Verilog HDL File  ; C:/Users/jml557/Downloads/lab3/lab3/lab3_top.v          ;         ;
; lab3.v                           ; yes             ; User Verilog HDL File  ; C:/Users/jml557/Downloads/lab3/lab3/lab3.v              ;         ;
; prandom.v                        ; yes             ; User Verilog HDL File  ; C:/Users/jml557/Downloads/lab3/lab3/prandom.v           ;         ;
; hex_to_seven_seg.v               ; yes             ; User Verilog HDL File  ; C:/Users/jml557/Downloads/lab3/lab3/hex_to_seven_seg.v  ;         ;
; var_clk.v                        ; yes             ; User Verilog HDL File  ; C:/Users/jml557/Downloads/lab3/lab3/var_clk.v           ;         ;
; countdown.v                      ; yes             ; User Verilog HDL File  ; C:/Users/jml557/Downloads/lab3/lab3/countdown.v         ;         ;
; address_generator.v              ; yes             ; User Verilog HDL File  ; C:/Users/jml557/Downloads/lab3/lab3/address_generator.v ;         ;
; counter4bit.v                    ; yes             ; User Verilog HDL File  ; C:/Users/jml557/Downloads/lab3/lab3/counter4bit.v       ;         ;
+----------------------------------+-----------------+------------------------+---------------------------------------------------------+---------+


+-------------------------------------------------------------+
; Analysis & Synthesis Resource Usage Summary                 ;
+---------------------------------------------+---------------+
; Resource                                    ; Usage         ;
+---------------------------------------------+---------------+
; Estimate of Logic utilization (ALMs needed) ; 90            ;
;                                             ;               ;
; Combinational ALUT usage for logic          ; 153           ;
;     -- 7 input functions                    ; 3             ;
;     -- 6 input functions                    ; 24            ;
;     -- 5 input functions                    ; 8             ;
;     -- 4 input functions                    ; 68            ;
;     -- <=3 input functions                  ; 50            ;
;                                             ;               ;
; Dedicated logic registers                   ; 69            ;
;                                             ;               ;
; I/O pins                                    ; 68            ;
;                                             ;               ;
; Total DSP Blocks                            ; 0             ;
;                                             ;               ;
; Maximum fan-out node                        ; RESET_N~input ;
; Maximum fan-out                             ; 39            ;
; Total fan-out                               ; 903           ;
; Average fan-out                             ; 2.52          ;
+---------------------------------------------+---------------+


+------------------------------------------------------------------------------------------------------------------------------------------------------------------------------------------------------------------------------------------+
; Analysis & Synthesis Resource Utilization by Entity                                                                                                                                                                                      ;
+-------------------------------------+---------------------+---------------------------+-------------------+------------+------+--------------+--------------------------------------------------------+-------------------+--------------+
; Compilation Hierarchy Node          ; Combinational ALUTs ; Dedicated Logic Registers ; Block Memory Bits ; DSP Blocks ; Pins ; Virtual Pins ; Full Hierarchy Name                                    ; Entity Name       ; Library Name ;
+-------------------------------------+---------------------+---------------------------+-------------------+------------+------+--------------+--------------------------------------------------------+-------------------+--------------+
; |lab3_top                           ; 153 (0)             ; 69 (0)                    ; 0                 ; 0          ; 68   ; 0            ; |lab3_top                                              ; lab3_top          ; work         ;
;    |hex_to_seven_seg:scoreADisplay| ; 7 (7)               ; 0 (0)                     ; 0                 ; 0          ; 0    ; 0            ; |lab3_top|hex_to_seven_seg:scoreADisplay               ; hex_to_seven_seg  ; work         ;
;    |hex_to_seven_seg:scoreBDisplay| ; 7 (7)               ; 0 (0)                     ; 0                 ; 0          ; 0    ; 0            ; |lab3_top|hex_to_seven_seg:scoreBDisplay               ; hex_to_seven_seg  ; work         ;
;    |hex_to_seven_seg:stateDisplay|  ; 7 (7)               ; 0 (0)                     ; 0                 ; 0          ; 0    ; 0            ; |lab3_top|hex_to_seven_seg:stateDisplay                ; hex_to_seven_seg  ; work         ;
;    |hex_to_seven_seg:winnerDisplay| ; 2 (2)               ; 0 (0)                     ; 0                 ; 0          ; 0    ; 0            ; |lab3_top|hex_to_seven_seg:winnerDisplay               ; hex_to_seven_seg  ; work         ;
;    |lab3:theLab|                    ; 77 (35)             ; 37 (15)                   ; 0                 ; 0          ; 0    ; 0            ; |lab3_top|lab3:theLab                                  ; lab3              ; work         ;
;       |address_generator:a|         ; 3 (3)               ; 3 (3)                     ; 0                 ; 0          ; 0    ; 0            ; |lab3_top|lab3:theLab|address_generator:a              ; address_generator ; work         ;
;       |countdown:c|                 ; 29 (29)             ; 11 (11)                   ; 0                 ; 0          ; 0    ; 0            ; |lab3_top|lab3:theLab|countdown:c                      ; countdown         ; work         ;
;       |counter4bit:a_count_score|   ; 5 (5)               ; 4 (4)                     ; 0                 ; 0          ; 0    ; 0            ; |lab3_top|lab3:theLab|counter4bit:a_count_score        ; counter4bit       ; work         ;
;       |counter4bit:b_count_score|   ; 5 (5)               ; 4 (4)                     ; 0                 ; 0          ; 0    ; 0            ; |lab3_top|lab3:theLab|counter4bit:b_count_score        ; counter4bit       ; work         ;
;    |var_clk:clockGenerator|         ; 53 (2)              ; 32 (1)                    ; 0                 ; 0          ; 0    ; 0            ; |lab3_top|var_clk:clockGenerator                       ; var_clk           ; work         ;
;       |pclock:counter_100Hz|        ; 7 (7)               ; 4 (4)                     ; 0                 ; 0          ; 0    ; 0            ; |lab3_top|var_clk:clockGenerator|pclock:counter_100Hz  ; pclock            ; work         ;
;       |pclock:counter_100kHz|       ; 7 (7)               ; 4 (4)                     ; 0                 ; 0          ; 0    ; 0            ; |lab3_top|var_clk:clockGenerator|pclock:counter_100kHz ; pclock            ; work         ;
;       |pclock:counter_10Hz|         ; 6 (6)               ; 4 (4)                     ; 0                 ; 0          ; 0    ; 0            ; |lab3_top|var_clk:clockGenerator|pclock:counter_10Hz   ; pclock            ; work         ;
;       |pclock:counter_10MHz|        ; 5 (5)               ; 3 (3)                     ; 0                 ; 0          ; 0    ; 0            ; |lab3_top|var_clk:clockGenerator|pclock:counter_10MHz  ; pclock            ; work         ;
;       |pclock:counter_10kHz|        ; 7 (7)               ; 4 (4)                     ; 0                 ; 0          ; 0    ; 0            ; |lab3_top|var_clk:clockGenerator|pclock:counter_10kHz  ; pclock            ; work         ;
;       |pclock:counter_1Hz|          ; 5 (5)               ; 4 (4)                     ; 0                 ; 0          ; 0    ; 0            ; |lab3_top|var_clk:clockGenerator|pclock:counter_1Hz    ; pclock            ; work         ;
;       |pclock:counter_1MHz|         ; 7 (7)               ; 4 (4)                     ; 0                 ; 0          ; 0    ; 0            ; |lab3_top|var_clk:clockGenerator|pclock:counter_1MHz   ; pclock            ; work         ;
;       |pclock:counter_1kHz|         ; 7 (7)               ; 4 (4)                     ; 0                 ; 0          ; 0    ; 0            ; |lab3_top|var_clk:clockGenerator|pclock:counter_1kHz   ; pclock            ; work         ;
+-------------------------------------+---------------------+---------------------------+-------------------+------------+------+--------------+--------------------------------------------------------+-------------------+--------------+
Note: For table entries with two numbers listed, the numbers in parentheses indicate the number of resources of the given type used by the specific entity alone. The numbers listed outside of parentheses indicate the total resources of the given type used by the specific entity and all of its sub-entities in the hierarchy.


Encoding Type:  One-Hot
+------------------------------------------------------------------------------------------------------------------------------------------------------------------------------------------------------------------------------------------------------------------------------+
; State Machine - |lab3_top|lab3:theLab|SCURR                                                                                                                                                                                                                                  ;
+--------------------+--------------------+--------------------+------------------+-------------------+-------------------+-----------------+-------------+-------------+-------------+---------------+---------------+-----------------+-----------+-------------+------------+
; Name               ; SCURR.b_normal_win ; SCURR.a_normal_win ; SCURR.normal_win ; SCURR.b_false_win ; SCURR.a_false_win ; SCURR.false_win ; SCURR.b_won ; SCURR.a_won ; SCURR.ready ; SCURR.b_false ; SCURR.a_false ; SCURR.countdown ; SCURR.led ; SCURR.start ; SCURR.init ;
+--------------------+--------------------+--------------------+------------------+-------------------+-------------------+-----------------+-------------+-------------+-------------+---------------+---------------+-----------------+-----------+-------------+------------+
; SCURR.init         ; 0                  ; 0                  ; 0                ; 0                 ; 0                 ; 0               ; 0           ; 0           ; 0           ; 0             ; 0             ; 0               ; 0         ; 0           ; 0          ;
; SCURR.start        ; 0                  ; 0                  ; 0                ; 0                 ; 0                 ; 0               ; 0           ; 0           ; 0           ; 0             ; 0             ; 0               ; 0         ; 1           ; 1          ;
; SCURR.led          ; 0                  ; 0                  ; 0                ; 0                 ; 0                 ; 0               ; 0           ; 0           ; 0           ; 0             ; 0             ; 0               ; 1         ; 0           ; 1          ;
; SCURR.countdown    ; 0                  ; 0                  ; 0                ; 0                 ; 0                 ; 0               ; 0           ; 0           ; 0           ; 0             ; 0             ; 1               ; 0         ; 0           ; 1          ;
; SCURR.a_false      ; 0                  ; 0                  ; 0                ; 0                 ; 0                 ; 0               ; 0           ; 0           ; 0           ; 0             ; 1             ; 0               ; 0         ; 0           ; 1          ;
; SCURR.b_false      ; 0                  ; 0                  ; 0                ; 0                 ; 0                 ; 0               ; 0           ; 0           ; 0           ; 1             ; 0             ; 0               ; 0         ; 0           ; 1          ;
; SCURR.ready        ; 0                  ; 0                  ; 0                ; 0                 ; 0                 ; 0               ; 0           ; 0           ; 1           ; 0             ; 0             ; 0               ; 0         ; 0           ; 1          ;
; SCURR.a_won        ; 0                  ; 0                  ; 0                ; 0                 ; 0                 ; 0               ; 0           ; 1           ; 0           ; 0             ; 0             ; 0               ; 0         ; 0           ; 1          ;
; SCURR.b_won        ; 0                  ; 0                  ; 0                ; 0                 ; 0                 ; 0               ; 1           ; 0           ; 0           ; 0             ; 0             ; 0               ; 0         ; 0           ; 1          ;
; SCURR.false_win    ; 0                  ; 0                  ; 0                ; 0                 ; 0                 ; 1               ; 0           ; 0           ; 0           ; 0             ; 0             ; 0               ; 0         ; 0           ; 1          ;
; SCURR.a_false_win  ; 0                  ; 0                  ; 0                ; 0                 ; 1                 ; 0               ; 0           ; 0           ; 0           ; 0             ; 0             ; 0               ; 0         ; 0           ; 1          ;
; SCURR.b_false_win  ; 0                  ; 0                  ; 0                ; 1                 ; 0                 ; 0               ; 0           ; 0           ; 0           ; 0             ; 0             ; 0               ; 0         ; 0           ; 1          ;
; SCURR.normal_win   ; 0                  ; 0                  ; 1                ; 0                 ; 0                 ; 0               ; 0           ; 0           ; 0           ; 0             ; 0             ; 0               ; 0         ; 0           ; 1          ;
; SCURR.a_normal_win ; 0                  ; 1                  ; 0                ; 0                 ; 0                 ; 0               ; 0           ; 0           ; 0           ; 0             ; 0             ; 0               ; 0         ; 0           ; 1          ;
; SCURR.b_normal_win ; 1                  ; 0                  ; 0                ; 0                 ; 0                 ; 0               ; 0           ; 0           ; 0           ; 0             ; 0             ; 0               ; 0         ; 0           ; 1          ;
+--------------------+--------------------+--------------------+------------------+-------------------+-------------------+-----------------+-------------+-------------+-------------+---------------+---------------+-----------------+-----------+-------------+------------+


+-----------------------------------------------------------------------------------------------+
; Registers Removed During Synthesis                                                            ;
+------------------------------------------------------+----------------------------------------+
; Register name                                        ; Reason for Removal                     ;
+------------------------------------------------------+----------------------------------------+
; lab3:theLab|SCURR~2                                  ; Lost fanout                            ;
; lab3:theLab|SCURR~3                                  ; Lost fanout                            ;
; lab3:theLab|SCURR~4                                  ; Lost fanout                            ;
; lab3:theLab|SCURR~5                                  ; Lost fanout                            ;
; var_clk:clockGenerator|pclock:counter_10MHz|count[3] ; Stuck at GND due to stuck port data_in ;
; Total Number of Removed Registers = 5                ;                                        ;
+------------------------------------------------------+----------------------------------------+


+------------------------------------------------------+
; General Register Statistics                          ;
+----------------------------------------------+-------+
; Statistic                                    ; Value ;
+----------------------------------------------+-------+
; Total registers                              ; 69    ;
; Number of registers using Synchronous Clear  ; 16    ;
; Number of registers using Synchronous Load   ; 1     ;
; Number of registers using Asynchronous Clear ; 0     ;
; Number of registers using Asynchronous Load  ; 0     ;
; Number of registers using Clock Enable       ; 36    ;
; Number of registers using Preset             ; 0     ;
+----------------------------------------------+-------+


+------------------------------------------------------------------------------------------------------------------------------------------------------------------------+
; Multiplexer Restructuring Statistics (Restructuring Performed)                                                                                                         ;
+--------------------+-----------+---------------+----------------------+------------------------+------------+----------------------------------------------------------+
; Multiplexer Inputs ; Bus Width ; Baseline Area ; Area if Restructured ; Saving if Restructured ; Registered ; Example Multiplexer Output                               ;
+--------------------+-----------+---------------+----------------------+------------------------+------------+----------------------------------------------------------+
; 3:1                ; 4 bits    ; 8 LEs         ; 4 LEs                ; 4 LEs                  ; Yes        ; |lab3_top|lab3:theLab|counter4bit:a_count_score|COUNT[2] ;
; 3:1                ; 4 bits    ; 8 LEs         ; 4 LEs                ; 4 LEs                  ; Yes        ; |lab3_top|lab3:theLab|counter4bit:b_count_score|COUNT[0] ;
; 4:1                ; 2 bits    ; 4 LEs         ; 4 LEs                ; 0 LEs                  ; Yes        ; |lab3_top|lab3:theLab|countdown:c|timer[2]               ;
; 11:1               ; 7 bits    ; 49 LEs        ; 49 LEs               ; 0 LEs                  ; Yes        ; |lab3_top|lab3:theLab|countdown:c|timer[1]               ;
; 3:1                ; 2 bits    ; 4 LEs         ; 4 LEs                ; 0 LEs                  ; No         ; |lab3_top|lab3:theLab|SNEXT                              ;
+--------------------+-----------+---------------+----------------------+------------------------+------------+----------------------------------------------------------+


+------------------------------------------------------------------------------------------+
; Parameter Settings for User Entity Instance: var_clk:clockGenerator|pclock:counter_10MHz ;
+----------------+-------+-----------------------------------------------------------------+
; Parameter Name ; Value ; Type                                                            ;
+----------------+-------+-----------------------------------------------------------------+
; NCYCLES        ; 5     ; Signed Integer                                                  ;
+----------------+-------+-----------------------------------------------------------------+
Note: In order to hide this table in the UI and the text report file, please set the "Show Parameter Settings in Synthesis Report" option in "Analysis and Synthesis Settings -> More Settings" to "Off".


+-----------------------------------------------------------------------------------------+
; Parameter Settings for User Entity Instance: var_clk:clockGenerator|pclock:counter_1MHz ;
+----------------+-------+----------------------------------------------------------------+
; Parameter Name ; Value ; Type                                                           ;
+----------------+-------+----------------------------------------------------------------+
; NCYCLES        ; 10    ; Signed Integer                                                 ;
+----------------+-------+----------------------------------------------------------------+
Note: In order to hide this table in the UI and the text report file, please set the "Show Parameter Settings in Synthesis Report" option in "Analysis and Synthesis Settings -> More Settings" to "Off".


+-------------------------------------------------------------------------------------------+
; Parameter Settings for User Entity Instance: var_clk:clockGenerator|pclock:counter_100kHz ;
+----------------+-------+------------------------------------------------------------------+
; Parameter Name ; Value ; Type                                                             ;
+----------------+-------+------------------------------------------------------------------+
; NCYCLES        ; 10    ; Signed Integer                                                   ;
+----------------+-------+------------------------------------------------------------------+
Note: In order to hide this table in the UI and the text report file, please set the "Show Parameter Settings in Synthesis Report" option in "Analysis and Synthesis Settings -> More Settings" to "Off".


+------------------------------------------------------------------------------------------+
; Parameter Settings for User Entity Instance: var_clk:clockGenerator|pclock:counter_10kHz ;
+----------------+-------+-----------------------------------------------------------------+
; Parameter Name ; Value ; Type                                                            ;
+----------------+-------+-----------------------------------------------------------------+
; NCYCLES        ; 10    ; Signed Integer                                                  ;
+----------------+-------+-----------------------------------------------------------------+
Note: In order to hide this table in the UI and the text report file, please set the "Show Parameter Settings in Synthesis Report" option in "Analysis and Synthesis Settings -> More Settings" to "Off".


+-----------------------------------------------------------------------------------------+
; Parameter Settings for User Entity Instance: var_clk:clockGenerator|pclock:counter_1kHz ;
+----------------+-------+----------------------------------------------------------------+
; Parameter Name ; Value ; Type                                                           ;
+----------------+-------+----------------------------------------------------------------+
; NCYCLES        ; 10    ; Signed Integer                                                 ;
+----------------+-------+----------------------------------------------------------------+
Note: In order to hide this table in the UI and the text report file, please set the "Show Parameter Settings in Synthesis Report" option in "Analysis and Synthesis Settings -> More Settings" to "Off".


+------------------------------------------------------------------------------------------+
; Parameter Settings for User Entity Instance: var_clk:clockGenerator|pclock:counter_100Hz ;
+----------------+-------+-----------------------------------------------------------------+
; Parameter Name ; Value ; Type                                                            ;
+----------------+-------+-----------------------------------------------------------------+
; NCYCLES        ; 10    ; Signed Integer                                                  ;
+----------------+-------+-----------------------------------------------------------------+
Note: In order to hide this table in the UI and the text report file, please set the "Show Parameter Settings in Synthesis Report" option in "Analysis and Synthesis Settings -> More Settings" to "Off".


+-----------------------------------------------------------------------------------------+
; Parameter Settings for User Entity Instance: var_clk:clockGenerator|pclock:counter_10Hz ;
+----------------+-------+----------------------------------------------------------------+
; Parameter Name ; Value ; Type                                                           ;
+----------------+-------+----------------------------------------------------------------+
; NCYCLES        ; 10    ; Signed Integer                                                 ;
+----------------+-------+----------------------------------------------------------------+
Note: In order to hide this table in the UI and the text report file, please set the "Show Parameter Settings in Synthesis Report" option in "Analysis and Synthesis Settings -> More Settings" to "Off".


+----------------------------------------------------------------------------------------+
; Parameter Settings for User Entity Instance: var_clk:clockGenerator|pclock:counter_1Hz ;
+----------------+-------+---------------------------------------------------------------+
; Parameter Name ; Value ; Type                                                          ;
+----------------+-------+---------------------------------------------------------------+
; NCYCLES        ; 10    ; Signed Integer                                                ;
+----------------+-------+---------------------------------------------------------------+
Note: In order to hide this table in the UI and the text report file, please set the "Show Parameter Settings in Synthesis Report" option in "Analysis and Synthesis Settings -> More Settings" to "Off".


+-------------------------------------------------------------------------------------------------------------------+
; Port Connectivity Checks: "var_clk:clockGenerator|pclock:counter_1Hz"                                             ;
+---------+--------+----------+-------------------------------------------------------------------------------------+
; Port    ; Type   ; Severity ; Details                                                                             ;
+---------+--------+----------+-------------------------------------------------------------------------------------+
; rco_out ; Output ; Info     ; Connected to dangling logic. Logic that only feeds a dangling port will be removed. ;
+---------+--------+----------+-------------------------------------------------------------------------------------+


+-------------------------------------------------------------------------+
; Port Connectivity Checks: "var_clk:clockGenerator|pclock:counter_10MHz" ;
+------+-------+----------+-----------------------------------------------+
; Port ; Type  ; Severity ; Details                                       ;
+------+-------+----------+-----------------------------------------------+
; EN   ; Input ; Info     ; Stuck at VCC                                  ;
+------+-------+----------+-----------------------------------------------+


+------------------------------------------------------------------------------------------------------------------------------------------------------------------------------+
; Port Connectivity Checks: "lab3:theLab"                                                                                                                                      ;
+-----------+--------+----------+----------------------------------------------------------------------------------------------------------------------------------------------+
; Port      ; Type   ; Severity ; Details                                                                                                                                      ;
+-----------+--------+----------+----------------------------------------------------------------------------------------------------------------------------------------------+
; TEST_LOAD ; Input  ; Warning  ; Declared by entity but not connected by instance. If a default value exists, it will be used.  Otherwise, the port will be connected to GND. ;
; ADDRESS   ; Output ; Warning  ; Declared by entity but not connected by instance. Logic that only feeds a dangling port will be removed.                                     ;
; DATA      ; Output ; Warning  ; Declared by entity but not connected by instance. Logic that only feeds a dangling port will be removed.                                     ;
+-----------+--------+----------+----------------------------------------------------------------------------------------------------------------------------------------------+


+-----------------------------------------------------+
; Post-Synthesis Netlist Statistics for Top Partition ;
+-----------------------+-----------------------------+
; Type                  ; Count                       ;
+-----------------------+-----------------------------+
; arriav_ff             ; 69                          ;
;     ENA               ; 30                          ;
;     ENA SCLR          ; 6                           ;
;     SCLR              ; 10                          ;
;     SLD               ; 1                           ;
;     plain             ; 22                          ;
; arriav_lcell_comb     ; 161                         ;
;     arith             ; 10                          ;
;         1 data inputs ; 10                          ;
;     extend            ; 3                           ;
;         7 data inputs ; 3                           ;
;     normal            ; 148                         ;
;         0 data inputs ; 2                           ;
;         1 data inputs ; 6                           ;
;         2 data inputs ; 11                          ;
;         3 data inputs ; 29                          ;
;         4 data inputs ; 68                          ;
;         5 data inputs ; 8                           ;
;         6 data inputs ; 24                          ;
; boundary_port         ; 68                          ;
;                       ;                             ;
; Max LUT depth         ; 4.00                        ;
; Average LUT depth     ; 2.19                        ;
+-----------------------+-----------------------------+


+-------------------------------+
; Elapsed Time Per Partition    ;
+----------------+--------------+
; Partition Name ; Elapsed Time ;
+----------------+--------------+
; Top            ; 00:00:00     ;
+----------------+--------------+


+-------------------------------+
; Analysis & Synthesis Messages ;
+-------------------------------+
Info: *******************************************************************
Info: Running Quartus Prime Analysis & Synthesis
    Info: Version 18.1.0 Build 625 09/12/2018 SJ Lite Edition
    Info: Processing started: Tue Oct 17 17:37:08 2023
Info: Command: quartus_map --read_settings_files=on --write_settings_files=off lab3 -c lab3
Warning (18236): Number of processors has not been specified which may cause overloading on shared machines.  Set the global assignment NUM_PARALLEL_PROCESSORS in your QSF to an appropriate value for best performance.
Info (20030): Parallel compilation is enabled and will use 12 of the 12 processors detected
Info (12021): Found 1 design units, including 1 entities, in source file lab3_top.v
    Info (12023): Found entity 1: lab3_top File: C:/Users/jml557/Downloads/lab3/lab3/lab3_top.v Line: 1
Info (12021): Found 1 design units, including 1 entities, in source file lab3_test.v
    Info (12023): Found entity 1: lab3_test File: C:/Users/jml557/Downloads/lab3/lab3/lab3_test.v Line: 19
Info (12021): Found 1 design units, including 1 entities, in source file lab3.v
    Info (12023): Found entity 1: lab3 File: C:/Users/jml557/Downloads/lab3/lab3/lab3.v Line: 2
Info (12021): Found 1 design units, including 1 entities, in source file prandom.v
    Info (12023): Found entity 1: prandom File: C:/Users/jml557/Downloads/lab3/lab3/prandom.v Line: 2
Info (12021): Found 1 design units, including 1 entities, in source file hex_to_seven_seg.v
    Info (12023): Found entity 1: hex_to_seven_seg File: C:/Users/jml557/Downloads/lab3/lab3/hex_to_seven_seg.v Line: 2
Info (12021): Found 2 design units, including 2 entities, in source file var_clk.v
    Info (12023): Found entity 1: var_clk File: C:/Users/jml557/Downloads/lab3/lab3/var_clk.v Line: 2
    Info (12023): Found entity 2: pclock File: C:/Users/jml557/Downloads/lab3/lab3/var_clk.v Line: 53
Info (12021): Found 1 design units, including 1 entities, in source file countdown.v
    Info (12023): Found entity 1: countdown File: C:/Users/jml557/Downloads/lab3/lab3/countdown.v Line: 1
Info (12021): Found 1 design units, including 1 entities, in source file address_generator.v
    Info (12023): Found entity 1: address_generator File: C:/Users/jml557/Downloads/lab3/lab3/address_generator.v Line: 1
Info (12021): Found 1 design units, including 1 entities, in source file counter4bit.v
    Info (12023): Found entity 1: counter4bit File: C:/Users/jml557/Downloads/lab3/lab3/counter4bit.v Line: 1
Info (12127): Elaborating entity "lab3_top" for the top level hierarchy
Info (12128): Elaborating entity "lab3" for hierarchy "lab3:theLab" File: C:/Users/jml557/Downloads/lab3/lab3/lab3_top.v Line: 35
Info (12128): Elaborating entity "address_generator" for hierarchy "lab3:theLab|address_generator:a" File: C:/Users/jml557/Downloads/lab3/lab3/lab3.v Line: 30
Info (12128): Elaborating entity "prandom" for hierarchy "lab3:theLab|prandom:p" File: C:/Users/jml557/Downloads/lab3/lab3/lab3.v Line: 35
Info (12128): Elaborating entity "countdown" for hierarchy "lab3:theLab|countdown:c" File: C:/Users/jml557/Downloads/lab3/lab3/lab3.v Line: 43
Info (12128): Elaborating entity "counter4bit" for hierarchy "lab3:theLab|counter4bit:a_count_score" File: C:/Users/jml557/Downloads/lab3/lab3/lab3.v Line: 72
Info (12128): Elaborating entity "var_clk" for hierarchy "var_clk:clockGenerator" File: C:/Users/jml557/Downloads/lab3/lab3/lab3_top.v Line: 41
Info (12128): Elaborating entity "pclock" for hierarchy "var_clk:clockGenerator|pclock:counter_10MHz" File: C:/Users/jml557/Downloads/lab3/lab3/var_clk.v Line: 29
Info (12128): Elaborating entity "pclock" for hierarchy "var_clk:clockGenerator|pclock:counter_1MHz" File: C:/Users/jml557/Downloads/lab3/lab3/var_clk.v Line: 30
Info (12128): Elaborating entity "hex_to_seven_seg" for hierarchy "hex_to_seven_seg:scoreADisplay" File: C:/Users/jml557/Downloads/lab3/lab3/lab3_top.v Line: 56
Info (13014): Ignored 15 buffer(s)
    Info (13019): Ignored 15 SOFT buffer(s)
Warning (12241): 1 hierarchies have connectivity warnings - see the Connectivity Checks report folder
Warning (13024): Output pins are stuck at VCC or GND
    Warning (13410): Pin "HEX5[1]" is stuck at VCC File: C:/Users/jml557/Downloads/lab3/lab3/lab3_top.v Line: 8
    Warning (13410): Pin "HEX5[2]" is stuck at VCC File: C:/Users/jml557/Downloads/lab3/lab3/lab3_top.v Line: 8
    Warning (13410): Pin "HEX5[3]" is stuck at VCC File: C:/Users/jml557/Downloads/lab3/lab3/lab3_top.v Line: 8
    Warning (13410): Pin "HEX4[0]" is stuck at VCC File: C:/Users/jml557/Downloads/lab3/lab3/lab3_top.v Line: 9
    Warning (13410): Pin "HEX4[1]" is stuck at VCC File: C:/Users/jml557/Downloads/lab3/lab3/lab3_top.v Line: 9
    Warning (13410): Pin "HEX4[2]" is stuck at VCC File: C:/Users/jml557/Downloads/lab3/lab3/lab3_top.v Line: 9
    Warning (13410): Pin "HEX4[3]" is stuck at VCC File: C:/Users/jml557/Downloads/lab3/lab3/lab3_top.v Line: 9
    Warning (13410): Pin "HEX4[4]" is stuck at VCC File: C:/Users/jml557/Downloads/lab3/lab3/lab3_top.v Line: 9
    Warning (13410): Pin "HEX4[5]" is stuck at VCC File: C:/Users/jml557/Downloads/lab3/lab3/lab3_top.v Line: 9
    Warning (13410): Pin "HEX4[6]" is stuck at VCC File: C:/Users/jml557/Downloads/lab3/lab3/lab3_top.v Line: 9
    Warning (13410): Pin "HEX1[2]" is stuck at GND File: C:/Users/jml557/Downloads/lab3/lab3/lab3_top.v Line: 12
    Warning (13410): Pin "HEX1[4]" is stuck at GND File: C:/Users/jml557/Downloads/lab3/lab3/lab3_top.v Line: 12
    Warning (13410): Pin "HEX1[5]" is stuck at GND File: C:/Users/jml557/Downloads/lab3/lab3/lab3_top.v Line: 12
Info (286030): Timing-Driven Synthesis is running
Info (17049): 4 registers lost all their fanouts during netlist optimizations.
Info (16010): Generating hard_block partition "hard_block:auto_generated_inst"
    Info (16011): Adding 0 node(s), including 0 DDIO, 0 PLL, 0 transceiver and 0 LCELL
Warning (21074): Design contains 8 input pin(s) that do not drive logic
    Warning (15610): No output dependent on input pin "SW[0]" File: C:/Users/jml557/Downloads/lab3/lab3/lab3_top.v Line: 3
    Warning (15610): No output dependent on input pin "SW[1]" File: C:/Users/jml557/Downloads/lab3/lab3/lab3_top.v Line: 3
    Warning (15610): No output dependent on input pin "SW[2]" File: C:/Users/jml557/Downloads/lab3/lab3/lab3_top.v Line: 3
    Warning (15610): No output dependent on input pin "SW[3]" File: C:/Users/jml557/Downloads/lab3/lab3/lab3_top.v Line: 3
    Warning (15610): No output dependent on input pin "SW[4]" File: C:/Users/jml557/Downloads/lab3/lab3/lab3_top.v Line: 3
    Warning (15610): No output dependent on input pin "SW[5]" File: C:/Users/jml557/Downloads/lab3/lab3/lab3_top.v Line: 3
    Warning (15610): No output dependent on input pin "SW[6]" File: C:/Users/jml557/Downloads/lab3/lab3/lab3_top.v Line: 3
    Warning (15610): No output dependent on input pin "KEY[1]" File: C:/Users/jml557/Downloads/lab3/lab3/lab3_top.v Line: 4
Info (21057): Implemented 221 device resources after synthesis - the final resource count might be different
    Info (21058): Implemented 16 input pins
    Info (21059): Implemented 52 output pins
    Info (21061): Implemented 153 logic cells
Info: Quartus Prime Analysis & Synthesis was successful. 0 errors, 25 warnings
    Info: Peak virtual memory: 4881 megabytes
    Info: Processing ended: Tue Oct 17 17:37:15 2023
    Info: Elapsed time: 00:00:07
    Info: Total CPU time (on all processors): 00:00:15


